<?xml version="1.0" encoding="UTF-8"?>
<!-- Generated by org.testng.reporters.JUnitReportReporter -->
<testsuite hostname="Manvithas-Air" failures="0" tests="4" name="com.pageobjects.login" time="412.195" errors="0" timestamp="2024-05-25T22:10:20 GMT-04:00" skipped="3">
  <testcase classname="com.pageobjects.login" name="Dropdown" time="412.195"/>
  <testcase classname="com.pageobjects.login" name="InvalidCredentials">
    <skipped/>
  </testcase> <!-- InvalidCredentials -->
  <testcase classname="com.pageobjects.login" name="Login">
    <skipped/>
  </testcase> <!-- Login -->
  <testcase classname="com.pageobjects.login" name="CreditCardsDropdown">
    <skipped/>
  </testcase> <!-- CreditCardsDropdown -->
</testsuite> <!-- com.pageobjects.login -->
